<?xml version="1.0" encoding="UTF-8"?>
<!-- Generated by org.testng.reporters.JUnitReportReporter -->
<testsuite hostname="DESKTOP-5S9HHCU" failures="0" tests="2" name="testScript_March.Button_test" time="1.406" errors="0" timestamp="2025-03-18T13:38:29 IST" skipped="0">
  <testcase classname="testScript_March.Button_test" name="ClickOnButtonbtn" time="0.408"/>
  <testcase classname="testScript_March.Button_test" name="ClickOnActionButtonbtn" time="0.998"/>
</testsuite> <!-- testScript_March.Button_test -->
