<?xml version="1.0" encoding="UTF-8"?>
<!-- Generated by org.testng.reporters.JUnitReportReporter -->
<testsuite hostname="DESKTOP-5S9HHCU" failures="0" tests="3" name="testScript_March.Textbox_test" time="2.088" errors="0" timestamp="2025-03-18T13:38:29 IST" skipped="0">
  <testcase classname="testScript_March.Textbox_test" name="ClickOnTextboxbtn" time="0.548"/>
  <testcase classname="testScript_March.Textbox_test" name="getfillDetails" time="1.355"/>
  <testcase classname="testScript_March.Textbox_test" name="getDetails" time="0.185"/>
</testsuite> <!-- testScript_March.Textbox_test -->
