<?xml version="1.0" encoding="UTF-8"?>
<!-- Generated by org.testng.reporters.JUnitReportReporter -->
<testsuite hostname="DESKTOP-5S9HHCU" failures="0" tests="3" name="testScript_March.Webtable_Test" time="2.269" errors="0" timestamp="2025-03-18T13:38:29 IST" skipped="0">
  <testcase classname="testScript_March.Webtable_Test" name="ClickOnwebtable" time="0.417"/>
  <testcase classname="testScript_March.Webtable_Test" name="ClickOnDetails" time="0.756"/>
  <testcase classname="testScript_March.Webtable_Test" name="getupdated_UIdata" time="1.096"/>
</testsuite> <!-- testScript_March.Webtable_Test -->
