<?xml version="1.0" encoding="UTF-8"?>
<!-- Generated by org.testng.reporters.JUnitReportReporter -->
<testsuite hostname="DESKTOP-5S9HHCU" failures="0" tests="2" name="testScript_March.checkbox_test" time="1.582" errors="0" timestamp="2025-03-18T13:38:29 IST" skipped="0">
  <testcase classname="testScript_March.checkbox_test" name="ClickOnCheckboxbtn" time="0.475"/>
  <testcase classname="testScript_March.checkbox_test" name="ClickOnGagetsbtn" time="1.107"/>
</testsuite> <!-- testScript_March.checkbox_test -->
