<?xml version="1.0" encoding="UTF-8"?>
<!-- Generated by org.testng.reporters.JUnitReportReporter -->
<testsuite hostname="DESKTOP-5S9HHCU" failures="0" tests="3" name="testScript_March.Link_test" time="2.759" errors="0" timestamp="2025-03-18T13:38:29 IST" skipped="0">
  <testcase classname="testScript_March.Link_test" name="ClickLinksbtn" time="0.554"/>
  <testcase classname="testScript_March.Link_test" name="ClickDemopagebtn" time="0.387"/>
  <testcase classname="testScript_March.Link_test" name="ClickAPIbtn" time="1.818"/>
</testsuite> <!-- testScript_March.Link_test -->
