<?xml version="1.0" encoding="UTF-8"?>
<!-- Generated by org.testng.reporters.JUnitReportReporter -->
<testsuite hostname="DESKTOP-5S9HHCU" failures="0" tests="2" name="testScript_March.Radobutton_test" time="1.808" errors="0" timestamp="2025-03-18T13:38:29 IST" skipped="0">
  <testcase classname="testScript_March.Radobutton_test" name="ClickonRadiobuttonbtn" time="0.492"/>
  <testcase classname="testScript_March.Radobutton_test" name="ClickOnButtobbtn" time="1.316"/>
</testsuite> <!-- testScript_March.Radobutton_test -->
